<?xml version="1.0" encoding="UTF-8"?>
<robot generator="Robot 4.0 (Python 3.9.2 on win32)" generated="20210405 13:36:19.252" rpa="false" schemaversion="2">
<suite id="s1" name="Hi" source="C:\Users\Modern14\robot\hi.robot">
<test id="s1-t1" name="Gmail_No_10">
<kw name="Run Keywords" library="BuiltIn" type="SETUP">
<arg>Open Browser</arg>
<arg>https://bizone.chat/</arg>
<arg>${BROWSER}</arg>
<arg>AND</arg>
<arg>Set Selenium Speed</arg>
<arg>${SELSPEED}</arg>
<doc>Executes all the given keywords in a sequence.</doc>
<kw name="Open Browser" library="SeleniumLibrary">
<arg>https://bizone.chat/</arg>
<arg>${BROWSER}</arg>
<doc>Opens a new browser instance to the optional ``url``.</doc>
<msg timestamp="20210405 13:36:19.575" level="INFO">Opening browser 'chrome' to base url 'https://bizone.chat/'.</msg>
<status status="PASS" starttime="20210405 13:36:19.575" endtime="20210405 13:36:24.193"/>
</kw>
<kw name="Set Selenium Speed" library="SeleniumLibrary">
<arg>${SELSPEED}</arg>
<doc>Sets the delay that is waited after each Selenium command.</doc>
<status status="PASS" starttime="20210405 13:36:24.194" endtime="20210405 13:36:24.195"/>
</kw>
<status status="PASS" starttime="20210405 13:36:19.574" endtime="20210405 13:36:24.195"/>
</kw>
<kw name="click">
<arg>xpath=//div[@id='root']/div/div/main/div/div[2]/div/div[3]/div/a/i</arg>
<kw name="Click Element" library="SeleniumLibrary">
<arg>${element}</arg>
<doc>Click the element identified by ``locator``.</doc>
<msg timestamp="20210405 13:36:24.198" level="INFO">Clicking element 'xpath=//div[@id='root']/div/div/main/div/div[2]/div/div[3]/div/a/i'.</msg>
<status status="PASS" starttime="20210405 13:36:24.197" endtime="20210405 13:36:29.614"/>
</kw>
<status status="PASS" starttime="20210405 13:36:24.196" endtime="20210405 13:36:29.615"/>
</kw>
<kw name="click">
<arg>xpath=//div[@id='view_container']/div/div/div[2]/div/div/div/form/span/section/div/div/div/div/ul/li[4]/div/div/div[2]</arg>
<kw name="Click Element" library="SeleniumLibrary">
<arg>${element}</arg>
<doc>Click the element identified by ``locator``.</doc>
<msg timestamp="20210405 13:36:29.617" level="INFO">Clicking element 'xpath=//div[@id='view_container']/div/div/div[2]/div/div/div/form/span/section/div/div/div/div/ul/li[4]/div/div/div[2]'.</msg>
<kw name="Capture Page Screenshot" library="SeleniumLibrary">
<doc>Takes a screenshot of the current page and embeds it into a log file.</doc>
<msg timestamp="20210405 13:36:30.002" level="INFO" html="true">&lt;/td&gt;&lt;/tr&gt;&lt;tr&gt;&lt;td colspan="3"&gt;&lt;a href="selenium-screenshot-42.png"&gt;&lt;img src="selenium-screenshot-42.png" width="800px"&gt;&lt;/a&gt;</msg>
<status status="PASS" starttime="20210405 13:36:29.654" endtime="20210405 13:36:30.002"/>
</kw>
<msg timestamp="20210405 13:36:30.004" level="FAIL">Element with locator 'xpath=//div[@id='view_container']/div/div/div[2]/div/div/div/form/span/section/div/div/div/div/ul/li[4]/div/div/div[2]' not found.</msg>
<status status="FAIL" starttime="20210405 13:36:29.616" endtime="20210405 13:36:30.004"/>
</kw>
<status status="FAIL" starttime="20210405 13:36:29.615" endtime="20210405 13:36:30.004"/>
</kw>
<kw name="type">
<arg>id=identifierId</arg>
<arg>amsat903@gmail.com</arg>
<status status="NOT RUN" starttime="20210405 13:36:30.005" endtime="20210405 13:36:30.005"/>
</kw>
<kw name="click">
<arg>xpath=//div[@id='identifierNext']/div/button/div[2]</arg>
<status status="NOT RUN" starttime="20210405 13:36:30.006" endtime="20210405 13:36:30.006"/>
</kw>
<kw name="type">
<arg>name=password</arg>
<arg>1234567890</arg>
<status status="NOT RUN" starttime="20210405 13:36:30.006" endtime="20210405 13:36:30.006"/>
</kw>
<kw name="click">
<arg>xpath=//div[@id='passwordNext']/div/button/div[2]</arg>
<status status="NOT RUN" starttime="20210405 13:36:30.007" endtime="20210405 13:36:30.007"/>
</kw>
<kw name="Close Browser" library="SeleniumLibrary" type="TEARDOWN">
<doc>Closes the current browser.</doc>
<status status="PASS" starttime="20210405 13:36:30.007" endtime="20210405 13:36:32.395"/>
</kw>
<status status="FAIL" starttime="20210405 13:36:19.573" endtime="20210405 13:36:32.398">Element with locator 'xpath=//div[@id='view_container']/div/div/div[2]/div/div/div/form/span/section/div/div/div/div/ul/li[4]/div/div/div[2]' not found.</status>
</test>
<status status="FAIL" starttime="20210405 13:36:19.255" endtime="20210405 13:36:32.441"/>
</suite>
<statistics>
<total>
<stat pass="0" fail="1" skip="0">All Tests</stat>
</total>
<tag>
</tag>
<suite>
<stat pass="0" fail="1" skip="0" id="s1" name="Hi">Hi</stat>
</suite>
</statistics>
<errors>
</errors>
</robot>
